<?xml version="1.0" encoding="UTF-8"?>
<!-- Generated by org.testng.reporters.JUnitReportReporter -->
<testsuite hostname="Nikhil-PC" failures="0" tests="1" name="listeners.Extent_Report" time="25.356" errors="0" timestamp="30 Mar 2023 13:11:40 GMT" skipped="0">
  <testcase classname="listeners.Extent_Report" name="ExtentReportDemo" time="25.356"/>
</testsuite> <!-- listeners.Extent_Report -->
