<?xml version="1.0" encoding="UTF-8"?>
<!-- Generated by org.testng.reporters.JUnitReportReporter -->
<testsuite hostname="Nikhil-PC" failures="0" tests="6" name="com.TestingShastra.Larkspur22A_FrameWorkmainDemo.IJmeet_TestCases" time="2.053" errors="2" timestamp="31 Mar 2023 05:51:14 GMT" skipped="4">
  <testcase classname="com.TestingShastra.Larkspur22A_FrameWorkmainDemo.IJmeet_TestCases" name="enterlogindetailsandsignin" time="0.001">
    <skipped/>
  </testcase> <!-- enterlogindetailsandsignin -->
  <testcase classname="com.TestingShastra.Larkspur22A_FrameWorkmainDemo.IJmeet_TestCases" name="SignINpage" time="0.002">
    <skipped/>
  </testcase> <!-- SignINpage -->
  <testcase classname="com.TestingShastra.Larkspur22A_FrameWorkmainDemo.IJmeet_TestCases" name="enterlogindetailsandsigninbyexceldata" time="2.045">
    <error message="
Data provider mismatch
Method: enterlogindetailsandsigninbyexceldata([Parameter{index=0, type=java.lang.String, declaredAnnotations=[]}, Parameter{index=1, type=java.lang.String, declaredAnnotations=[]}, Parameter{index=2, type=java.lang.String, declaredAnnotations=[]}])
Arguments: [(java.lang.String)nsdeshmukh78@gmail.com,(java.lang.String)Safd@1r3]" type="org.testng.internal.reflect.MethodMatcherException">
      <![CDATA[org.testng.internal.reflect.MethodMatcherException: 
Data provider mismatch
Method: enterlogindetailsandsigninbyexceldata([Parameter{index=0, type=java.lang.String, declaredAnnotations=[]}, Parameter{index=1, type=java.lang.String, declaredAnnotations=[]}, Parameter{index=2, type=java.lang.String, declaredAnnotations=[]}])
Arguments: [(java.lang.String)nsdeshmukh78@gmail.com,(java.lang.String)Safd@1r3]
	at org.testng.internal.reflect.DataProviderMethodMatcher.getConformingArguments(DataProviderMethodMatcher.java:52)
	at org.testng.internal.Invoker.injectParameters(Invoker.java:1238)
	at org.testng.internal.Invoker.invokeTestMethods(Invoker.java:1131)
	at org.testng.internal.TestMethodWorker.invokeTestMethods(TestMethodWorker.java:129)
	at org.testng.internal.TestMethodWorker.run(TestMethodWorker.java:112)
	at java.base/java.util.concurrent.ThreadPoolExecutor.runWorker(ThreadPoolExecutor.java:1136)
	at java.base/java.util.concurrent.ThreadPoolExecutor$Worker.run(ThreadPoolExecutor.java:635)
	at java.base/java.lang.Thread.run(Thread.java:833)
]]>
    </error>
  </testcase> <!-- enterlogindetailsandsigninbyexceldata -->
  <testcase classname="com.TestingShastra.Larkspur22A_FrameWorkmainDemo.IJmeet_TestCases" name="quickmeeting" time="0.003">
    <skipped/>
  </testcase> <!-- quickmeeting -->
  <testcase classname="com.TestingShastra.Larkspur22A_FrameWorkmainDemo.IJmeet_TestCases" name="launch_Browser" time="0.000">
    <error message="null value in entry: url=null" type="java.lang.NullPointerException">
      <![CDATA[java.lang.NullPointerException: null value in entry: url=null
	at com.google.common.collect.CollectPreconditions.checkEntryNotNull(CollectPreconditions.java:33)
	at com.google.common.collect.SingletonImmutableBiMap.<init>(SingletonImmutableBiMap.java:43)
	at com.google.common.collect.ImmutableBiMap.of(ImmutableBiMap.java:81)
	at com.google.common.collect.ImmutableMap.of(ImmutableMap.java:128)
	at org.openqa.selenium.remote.DriverCommand.GET(DriverCommand.java:191)
	at org.openqa.selenium.remote.RemoteWebDriver.get(RemoteWebDriver.java:310)
	at com.TestingShastra.Larkspur22A_FrameWorkmainDemo.KeyWord.launchUrl(KeyWord.java:132)
	at com.TestingShastra.Larkspur22A_FrameWorkmainDemo.Testbase.launch_Browser(Testbase.java:37)
	at java.base/jdk.internal.reflect.NativeMethodAccessorImpl.invoke0(Native Method)
	at java.base/jdk.internal.reflect.NativeMethodAccessorImpl.invoke(NativeMethodAccessorImpl.java:77)
	at java.base/jdk.internal.reflect.DelegatingMethodAccessorImpl.invoke(DelegatingMethodAccessorImpl.java:43)
	at java.base/java.lang.reflect.Method.invoke(Method.java:568)
	at org.testng.internal.MethodInvocationHelper.invokeMethod(MethodInvocationHelper.java:100)
	at org.testng.internal.Invoker.invokeConfigurationMethod(Invoker.java:515)
	at org.testng.internal.Invoker.invokeConfigurations(Invoker.java:216)
	at org.testng.internal.Invoker.invokeMethod(Invoker.java:590)
	at org.testng.internal.Invoker.invokeTestMethod(Invoker.java:811)
	at org.testng.internal.Invoker.invokeTestMethods(Invoker.java:1137)
	at org.testng.internal.TestMethodWorker.invokeTestMethods(TestMethodWorker.java:129)
	at org.testng.internal.TestMethodWorker.run(TestMethodWorker.java:112)
	at java.base/java.util.concurrent.ThreadPoolExecutor.runWorker(ThreadPoolExecutor.java:1136)
	at java.base/java.util.concurrent.ThreadPoolExecutor$Worker.run(ThreadPoolExecutor.java:635)
	at java.base/java.lang.Thread.run(Thread.java:833)
]]>
    </error>
  </testcase> <!-- launch_Browser -->
  <testcase classname="com.TestingShastra.Larkspur22A_FrameWorkmainDemo.IJmeet_TestCases" name="scheduledmeeting" time="0.002">
    <skipped/>
  </testcase> <!-- scheduledmeeting -->
</testsuite> <!-- com.TestingShastra.Larkspur22A_FrameWorkmainDemo.IJmeet_TestCases -->
