<?xml version="1.0" encoding="UTF-8"?>
<!-- Generated by org.testng.reporters.JUnitReportReporter -->
<testsuite hostname="Nikhil-PC" failures="0" tests="4" name="com.TestingShastra.Larkspur22A_FrameWorkDemo.AppTest" time="0.039" errors="0" timestamp="31 Mar 2023 03:51:41 GMT" skipped="0">
  <testcase classname="com.TestingShastra.Larkspur22A_FrameWorkDemo.AppTest" name="tc_04" time="0.007"/>
  <testcase classname="com.TestingShastra.Larkspur22A_FrameWorkDemo.AppTest" name="tc_02" time="0.005"/>
  <testcase classname="com.TestingShastra.Larkspur22A_FrameWorkDemo.AppTest" name="tc_01" time="0.019"/>
  <testcase classname="com.TestingShastra.Larkspur22A_FrameWorkDemo.AppTest" name="tc_03" time="0.008"/>
</testsuite> <!-- com.TestingShastra.Larkspur22A_FrameWorkDemo.AppTest -->
