<?xml version="1.0" encoding="UTF-8"?>
<!-- Generated by org.testng.reporters.JUnitReportReporter -->
<testsuite hostname="Nikhil-PC" failures="0" tests="4" name="com.TestingShastra.Larkspur22A_FrameWorkDemo.AppTest" time="0.007" errors="0" timestamp="2023-01-20T16:36:34 IST" skipped="0">
  <testcase classname="com.TestingShastra.Larkspur22A_FrameWorkDemo.AppTest" name="tc_02" time="0.000"/>
  <system-out/>
  <testcase classname="com.TestingShastra.Larkspur22A_FrameWorkDemo.AppTest" name="tc_03" time="0.000"/>
  <system-out/>
  <testcase classname="com.TestingShastra.Larkspur22A_FrameWorkDemo.AppTest" name="tc_04" time="0.001"/>
  <system-out/>
  <testcase classname="com.TestingShastra.Larkspur22A_FrameWorkDemo.AppTest" name="tc_01" time="0.006"/>
  <system-out/>
</testsuite> <!-- com.TestingShastra.Larkspur22A_FrameWorkDemo.AppTest -->
